WARNING: Font 'ArialMT' (font name 'ArialMT', font style 'normal', font weight 'normal') doesn't exist. Replaced by 'C:\Users\91311001\.metanorma\fonts\NotoSans-Regular.ttf'.
WARNING: Font 'ArialMT' (font name 'ArialMT', font style 'normal', font weight 'bold') doesn't exist. Replaced by 'C:\Users\91311001\.metanorma\fonts\NotoSans-Bold.ttf'.
WARNING: Font 'ArialMT' (font name 'ArialMT', font style 'italic', font weight 'normal') doesn't exist. Replaced by 'C:\Users\91311001\.metanorma\fonts\NotoSans-Italic.ttf'.
WARNING: Font 'ArialMT' (font name 'ArialMT', font style 'italic', font weight 'bold') doesn't exist. Replaced by 'C:\Users\91311001\.metanorma\fonts\NotoSans-BoldItalic.ttf'.
WARNING: Font 'KozGoPr6N-Regular-83pv-RKSJ-H' (font name 'KozGoPr6N-Regular-83pv-RKSJ-H', font style 'normal', font weight 'normal') doesn't exist. Replaced by 'C:\Users\91311001\.metanorma\fonts\NotoSans-Regular.ttf'.
WARNING: Font 'KozGoPr6N-Regular-83pv-RKSJ-H' (font name 'KozGoPr6N-Regular-83pv-RKSJ-H', font style 'normal', font weight 'bold') doesn't exist. Replaced by 'C:\Users\91311001\.metanorma\fonts\NotoSans-Bold.ttf'.
WARNING: Font 'KozGoPr6N-Regular-83pv-RKSJ-H' (font name 'KozGoPr6N-Regular-83pv-RKSJ-H', font style 'italic', font weight 'normal') doesn't exist. Replaced by 'C:\Users\91311001\.metanorma\fonts\NotoSans-Italic.ttf'.
WARNING: Font 'KozGoPr6N-Regular-83pv-RKSJ-H' (font name 'KozGoPr6N-Regular-83pv-RKSJ-H', font style 'italic', font weight 'bold') doesn't exist. Replaced by 'C:\Users\91311001\.metanorma\fonts\NotoSans-BoldItalic.ttf'.

The contents of fo:region-body on page 1124 exceed its viewport by 2718 millipoints. (See position 1:2639)
The contents of fo:region-body on page 443 exceed its viewport by 7406 millipoints. (See position 1:2639)
The contents of fo:region-body on page 441 exceed its viewport by 28825 millipoints. (See position 1:2639)
The contents of fo:region-body on page 431 exceed its viewport by 11468 millipoints. (See position 1:2639)
The contents of fo:region-body on page 427 exceed its viewport by 26978 millipoints. (See position 1:2639)
SVG error: file:/C:/Users/91311001/Documents/GitHub/mn-samples-plateau/sources/001-v5/:
The attribute "style" represents an invalid CSS declaration ("fill:#737A7A;stroke:#737A7A;stroke-width:6.250000e-02;stroke-miterlimit:10;").
Original message:
The "stroke-width" property does not support dimension values.
org.w3c.dom.DOMException: file:/C:/Users/91311001/Documents/GitHub/mn-samples-plateau/sources/001-v5/:
The attribute "style" represents an invalid CSS declaration ("fill:#737A7A;stroke:#737A7A;stroke-width:6.250000e-02;stroke-miterlimit:10;").
Original message:
The "stroke-width" property does not support dimension values.
	at org.apache.batik.css.engine.CSSEngine.getCascadedStyleMap(CSSEngine.java:824)
	at org.apache.batik.css.engine.CSSEngine.getComputedStyle(CSSEngine.java:867)
	at org.apache.batik.bridge.CSSUtilities.getComputedStyle(CSSUtilities.java:81)
	at org.apache.batik.bridge.CSSUtilities.convertDisplay(CSSUtilities.java:563)
	at org.apache.batik.bridge.GVTBuilder.buildGraphicsNode(GVTBuilder.java:206)
	at org.apache.batik.bridge.GVTBuilder.buildComposite(GVTBuilder.java:171)
	at org.apache.batik.bridge.GVTBuilder.buildGraphicsNode(GVTBuilder.java:219)
	at org.apache.batik.bridge.GVTBuilder.buildComposite(GVTBuilder.java:171)
	at org.apache.batik.bridge.GVTBuilder.build(GVTBuilder.java:82)
	at org.apache.fop.render.pdf.PDFImageHandlerSVG.handleImage(PDFImageHandlerSVG.java:104)
	at org.apache.fop.render.intermediate.AbstractIFPainter.drawImage(AbstractIFPainter.java:255)
	at org.apache.fop.render.intermediate.AbstractIFPainter.drawImage(AbstractIFPainter.java:211)
	at org.apache.fop.render.intermediate.AbstractIFPainter.drawImageUsingImageHandler(AbstractIFPainter.java:174)
	at org.apache.fop.render.intermediate.AbstractIFPainter.drawImageUsingDocument(AbstractIFPainter.java:325)
	at org.apache.fop.render.pdf.PDFPainter.drawImage(PDFPainter.java:291)
	at org.apache.fop.render.intermediate.IFRenderer.renderForeignObject(IFRenderer.java:1375)
	at org.apache.fop.render.AbstractRenderer.renderInlineViewport(AbstractRenderer.java:1034)
	at org.apache.fop.render.AbstractPathOrientedRenderer.renderInlineViewport(AbstractPathOrientedRenderer.java:836)
	at org.apache.fop.render.intermediate.IFRenderer.renderInlineViewport(IFRenderer.java:865)
	at org.apache.fop.render.AbstractRenderer.renderInlineArea(AbstractRenderer.java:877)
	at org.apache.fop.render.intermediate.IFRenderer.renderInlineArea(IFRenderer.java:929)
	at org.apache.fop.render.AbstractRenderer.renderLineArea(AbstractRenderer.java:845)
	at org.apache.fop.render.AbstractRenderer.renderBlocks(AbstractRenderer.java:704)
	at org.apache.fop.render.AbstractRenderer.renderBlock(AbstractRenderer.java:758)
	at org.apache.fop.render.intermediate.IFRenderer.renderBlock(IFRenderer.java:1009)
	at org.apache.fop.render.AbstractRenderer.renderBlocks(AbstractRenderer.java:689)
	at org.apache.fop.render.AbstractRenderer.renderBlock(AbstractRenderer.java:758)
	at org.apache.fop.render.intermediate.IFRenderer.renderBlock(IFRenderer.java:1009)
	at org.apache.fop.render.AbstractRenderer.renderBlocks(AbstractRenderer.java:689)
	at org.apache.fop.render.AbstractPathOrientedRenderer.renderReferenceArea(AbstractPathOrientedRenderer.java:759)
	at org.apache.fop.render.AbstractRenderer.renderBlock(AbstractRenderer.java:744)
	at org.apache.fop.render.intermediate.IFRenderer.renderBlock(IFRenderer.java:1009)
	at org.apache.fop.render.AbstractRenderer.renderBlocks(AbstractRenderer.java:689)
	at org.apache.fop.render.intermediate.IFRenderer.renderBlockViewport(IFRenderer.java:845)
	at org.apache.fop.render.AbstractRenderer.renderBlock(AbstractRenderer.java:737)
	at org.apache.fop.render.intermediate.IFRenderer.renderBlock(IFRenderer.java:1009)
	at org.apache.fop.render.AbstractRenderer.renderBlocks(AbstractRenderer.java:689)
	at org.apache.fop.render.AbstractRenderer.renderFlow(AbstractRenderer.java:591)
	at org.apache.fop.render.AbstractPathOrientedRenderer.renderFlow(AbstractPathOrientedRenderer.java:789)
	at org.apache.fop.render.AbstractRenderer.renderMainReference(AbstractRenderer.java:568)
	at org.apache.fop.render.AbstractRenderer.renderBodyRegion(AbstractRenderer.java:433)
	at org.apache.fop.render.AbstractRenderer.renderRegionViewport(AbstractRenderer.java:380)
	at org.apache.fop.render.intermediate.IFRenderer.renderRegionViewport(IFRenderer.java:740)
	at org.apache.fop.render.AbstractRenderer.renderPageAreas(AbstractRenderer.java:345)
	at org.apache.fop.render.AbstractRenderer.renderPage(AbstractRenderer.java:318)
	at org.apache.fop.render.intermediate.IFRenderer.renderPage(IFRenderer.java:589)
	at org.apache.fop.area.RenderPagesModel.renderPage(RenderPagesModel.java:193)
	at org.apache.fop.area.RenderPagesModel.checkPreparedPages(RenderPagesModel.java:174)
	at org.apache.fop.area.RenderPagesModel.addPage(RenderPagesModel.java:146)
	at org.apache.fop.layoutmgr.AbstractPageSequenceLayoutManager.finishPage(AbstractPageSequenceLayoutManager.java:316)
	at org.apache.fop.layoutmgr.PageSequenceLayoutManager.finishPage(PageSequenceLayoutManager.java:243)
	at org.apache.fop.layoutmgr.PageSequenceLayoutManager.activateLayout(PageSequenceLayoutManager.java:147)
	at org.apache.fop.area.AreaTreeHandler.endPageSequence(AreaTreeHandler.java:267)
	at org.apache.fop.fo.DelegatingFOEventHandler.endPageSequence(DelegatingFOEventHandler.java:114)
	at org.apache.fop.accessibility.fo.FO2StructureTreeConverter.endPageSequence(FO2StructureTreeConverter.java:184)
	at org.apache.fop.fo.pagination.PageSequence.endOfNode(PageSequence.java:140)
	at org.apache.fop.fo.FOTreeBuilder$MainFOHandler.endElement(FOTreeBuilder.java:390)
	at org.apache.fop.fo.FOTreeBuilder$3.run(FOTreeBuilder.java:207)
	at org.apache.fop.fo.FOTreeBuilder$3.run(FOTreeBuilder.java:204)
	at java.base/java.security.AccessController.doPrivileged(AccessController.java:319)
	at org.apache.fop.fo.FOTreeBuilder.endElement(FOTreeBuilder.java:203)
	at org.apache.xalan.transformer.TransformerIdentityImpl.endElement(TransformerIdentityImpl.java:1149)
	at java.xml/com.sun.org.apache.xerces.internal.parsers.AbstractSAXParser.endElement(AbstractSAXParser.java:618)
	at java.xml/com.sun.org.apache.xerces.internal.impl.XMLDocumentFragmentScannerImpl.scanEndElement(XMLDocumentFragmentScannerImpl.java:1728)
	at java.xml/com.sun.org.apache.xerces.internal.impl.XMLDocumentFragmentScannerImpl$FragmentContentDriver.next(XMLDocumentFragmentScannerImpl.java:2899)
	at java.xml/com.sun.org.apache.xerces.internal.impl.XMLDocumentScannerImpl.next(XMLDocumentScannerImpl.java:605)
	at java.xml/com.sun.org.apache.xerces.internal.impl.XMLNSDocumentScannerImpl.next(XMLNSDocumentScannerImpl.java:114)
	at java.xml/com.sun.org.apache.xerces.internal.impl.XMLDocumentFragmentScannerImpl.scanDocument(XMLDocumentFragmentScannerImpl.java:542)
	at java.xml/com.sun.org.apache.xerces.internal.parsers.XML11Configuration.parse(XML11Configuration.java:889)
	at java.xml/com.sun.org.apache.xerces.internal.parsers.XML11Configuration.parse(XML11Configuration.java:825)
	at java.xml/com.sun.org.apache.xerces.internal.parsers.XMLParser.parse(XMLParser.java:141)
	at java.xml/com.sun.org.apache.xerces.internal.parsers.AbstractSAXParser.parse(AbstractSAXParser.java:1224)
	at org.apache.xalan.transformer.TransformerIdentityImpl.transform(TransformerIdentityImpl.java:519)
	at org.metanorma.fop.PDFGenerator.runFOP(PDFGenerator.java:855)
	at org.metanorma.fop.PDFGenerator.convertmn2pdf(PDFGenerator.java:680)
	at org.metanorma.fop.PDFGenerator.process(PDFGenerator.java:364)
	at org.metanorma.fop.mn2pdf.main(mn2pdf.java:360)

SVG error: file:/C:/Users/91311001/Documents/GitHub/mn-samples-plateau/sources/001-v5/:
The attribute "style" represents an invalid CSS declaration ("fill:#737A7A;stroke:#737A7A;stroke-width:6.250000e-02;stroke-miterlimit:10;").
Original message:
The "stroke-width" property does not support dimension values.
org.w3c.dom.DOMException: file:/C:/Users/91311001/Documents/GitHub/mn-samples-plateau/sources/001-v5/:
The attribute "style" represents an invalid CSS declaration ("fill:#737A7A;stroke:#737A7A;stroke-width:6.250000e-02;stroke-miterlimit:10;").
Original message:
The "stroke-width" property does not support dimension values.
	at org.apache.batik.css.engine.CSSEngine.getCascadedStyleMap(CSSEngine.java:824)
	at org.apache.batik.css.engine.CSSEngine.getComputedStyle(CSSEngine.java:867)
	at org.apache.batik.bridge.CSSUtilities.getComputedStyle(CSSUtilities.java:81)
	at org.apache.batik.bridge.CSSUtilities.convertDisplay(CSSUtilities.java:563)
	at org.apache.batik.bridge.GVTBuilder.buildGraphicsNode(GVTBuilder.java:206)
	at org.apache.batik.bridge.GVTBuilder.buildComposite(GVTBuilder.java:171)
	at org.apache.batik.bridge.GVTBuilder.buildGraphicsNode(GVTBuilder.java:219)
	at org.apache.batik.bridge.GVTBuilder.buildComposite(GVTBuilder.java:171)
	at org.apache.batik.bridge.GVTBuilder.build(GVTBuilder.java:82)
	at org.apache.fop.render.pdf.PDFImageHandlerSVG.handleImage(PDFImageHandlerSVG.java:104)
	at org.apache.fop.render.intermediate.AbstractIFPainter.drawImage(AbstractIFPainter.java:255)
	at org.apache.fop.render.intermediate.AbstractIFPainter.drawImage(AbstractIFPainter.java:211)
	at org.apache.fop.render.intermediate.AbstractIFPainter.drawImageUsingImageHandler(AbstractIFPainter.java:174)
	at org.apache.fop.render.intermediate.AbstractIFPainter.drawImageUsingDocument(AbstractIFPainter.java:325)
	at org.apache.fop.render.pdf.PDFPainter.drawImage(PDFPainter.java:291)
	at org.apache.fop.render.intermediate.IFRenderer.renderForeignObject(IFRenderer.java:1375)
	at org.apache.fop.render.AbstractRenderer.renderInlineViewport(AbstractRenderer.java:1034)
	at org.apache.fop.render.AbstractPathOrientedRenderer.renderInlineViewport(AbstractPathOrientedRenderer.java:836)
	at org.apache.fop.render.intermediate.IFRenderer.renderInlineViewport(IFRenderer.java:865)
	at org.apache.fop.render.AbstractRenderer.renderInlineArea(AbstractRenderer.java:877)
	at org.apache.fop.render.intermediate.IFRenderer.renderInlineArea(IFRenderer.java:929)
	at org.apache.fop.render.AbstractRenderer.renderLineArea(AbstractRenderer.java:845)
	at org.apache.fop.render.AbstractRenderer.renderBlocks(AbstractRenderer.java:704)
	at org.apache.fop.render.AbstractRenderer.renderBlock(AbstractRenderer.java:758)
	at org.apache.fop.render.intermediate.IFRenderer.renderBlock(IFRenderer.java:1009)
	at org.apache.fop.render.AbstractRenderer.renderBlocks(AbstractRenderer.java:689)
	at org.apache.fop.render.AbstractRenderer.renderBlock(AbstractRenderer.java:758)
	at org.apache.fop.render.intermediate.IFRenderer.renderBlock(IFRenderer.java:1009)
	at org.apache.fop.render.AbstractRenderer.renderBlocks(AbstractRenderer.java:689)
	at org.apache.fop.render.AbstractPathOrientedRenderer.renderReferenceArea(AbstractPathOrientedRenderer.java:759)
	at org.apache.fop.render.AbstractRenderer.renderBlock(AbstractRenderer.java:744)
	at org.apache.fop.render.intermediate.IFRenderer.renderBlock(IFRenderer.java:1009)
	at org.apache.fop.render.AbstractRenderer.renderBlocks(AbstractRenderer.java:689)
	at org.apache.fop.render.intermediate.IFRenderer.renderBlockViewport(IFRenderer.java:845)
	at org.apache.fop.render.AbstractRenderer.renderBlock(AbstractRenderer.java:737)
	at org.apache.fop.render.intermediate.IFRenderer.renderBlock(IFRenderer.java:1009)
	at org.apache.fop.render.AbstractRenderer.renderBlocks(AbstractRenderer.java:689)
	at org.apache.fop.render.AbstractRenderer.renderFlow(AbstractRenderer.java:591)
	at org.apache.fop.render.AbstractPathOrientedRenderer.renderFlow(AbstractPathOrientedRenderer.java:789)
	at org.apache.fop.render.AbstractRenderer.renderMainReference(AbstractRenderer.java:568)
	at org.apache.fop.render.AbstractRenderer.renderBodyRegion(AbstractRenderer.java:433)
	at org.apache.fop.render.AbstractRenderer.renderRegionViewport(AbstractRenderer.java:380)
	at org.apache.fop.render.intermediate.IFRenderer.renderRegionViewport(IFRenderer.java:740)
	at org.apache.fop.render.AbstractRenderer.renderPageAreas(AbstractRenderer.java:345)
	at org.apache.fop.render.AbstractRenderer.renderPage(AbstractRenderer.java:318)
	at org.apache.fop.render.intermediate.IFRenderer.renderPage(IFRenderer.java:589)
	at org.apache.fop.area.RenderPagesModel.renderPage(RenderPagesModel.java:193)
	at org.apache.fop.area.RenderPagesModel.checkPreparedPages(RenderPagesModel.java:174)
	at org.apache.fop.area.RenderPagesModel.addPage(RenderPagesModel.java:146)
	at org.apache.fop.layoutmgr.AbstractPageSequenceLayoutManager.finishPage(AbstractPageSequenceLayoutManager.java:316)
	at org.apache.fop.layoutmgr.PageSequenceLayoutManager.finishPage(PageSequenceLayoutManager.java:243)
	at org.apache.fop.layoutmgr.PageSequenceLayoutManager.activateLayout(PageSequenceLayoutManager.java:147)
	at org.apache.fop.area.AreaTreeHandler.endPageSequence(AreaTreeHandler.java:267)
	at org.apache.fop.fo.DelegatingFOEventHandler.endPageSequence(DelegatingFOEventHandler.java:114)
	at org.apache.fop.accessibility.fo.FO2StructureTreeConverter.endPageSequence(FO2StructureTreeConverter.java:184)
	at org.apache.fop.fo.pagination.PageSequence.endOfNode(PageSequence.java:140)
	at org.apache.fop.fo.FOTreeBuilder$MainFOHandler.endElement(FOTreeBuilder.java:390)
	at org.apache.fop.fo.FOTreeBuilder$3.run(FOTreeBuilder.java:207)
	at org.apache.fop.fo.FOTreeBuilder$3.run(FOTreeBuilder.java:204)
	at java.base/java.security.AccessController.doPrivileged(AccessController.java:319)
	at org.apache.fop.fo.FOTreeBuilder.endElement(FOTreeBuilder.java:203)
	at org.apache.xalan.transformer.TransformerIdentityImpl.endElement(TransformerIdentityImpl.java:1149)
	at java.xml/com.sun.org.apache.xerces.internal.parsers.AbstractSAXParser.endElement(AbstractSAXParser.java:618)
	at java.xml/com.sun.org.apache.xerces.internal.impl.XMLDocumentFragmentScannerImpl.scanEndElement(XMLDocumentFragmentScannerImpl.java:1728)
	at java.xml/com.sun.org.apache.xerces.internal.impl.XMLDocumentFragmentScannerImpl$FragmentContentDriver.next(XMLDocumentFragmentScannerImpl.java:2899)
	at java.xml/com.sun.org.apache.xerces.internal.impl.XMLDocumentScannerImpl.next(XMLDocumentScannerImpl.java:605)
	at java.xml/com.sun.org.apache.xerces.internal.impl.XMLNSDocumentScannerImpl.next(XMLNSDocumentScannerImpl.java:114)
	at java.xml/com.sun.org.apache.xerces.internal.impl.XMLDocumentFragmentScannerImpl.scanDocument(XMLDocumentFragmentScannerImpl.java:542)
	at java.xml/com.sun.org.apache.xerces.internal.parsers.XML11Configuration.parse(XML11Configuration.java:889)
	at java.xml/com.sun.org.apache.xerces.internal.parsers.XML11Configuration.parse(XML11Configuration.java:825)
	at java.xml/com.sun.org.apache.xerces.internal.parsers.XMLParser.parse(XMLParser.java:141)
	at java.xml/com.sun.org.apache.xerces.internal.parsers.AbstractSAXParser.parse(AbstractSAXParser.java:1224)
	at org.apache.xalan.transformer.TransformerIdentityImpl.transform(TransformerIdentityImpl.java:519)
	at org.metanorma.fop.PDFGenerator.runFOP(PDFGenerator.java:855)
	at org.metanorma.fop.PDFGenerator.convertmn2pdf(PDFGenerator.java:680)
	at org.metanorma.fop.PDFGenerator.process(PDFGenerator.java:364)
	at org.metanorma.fop.mn2pdf.main(mn2pdf.java:360)

WARNING: Font 'ArialMT' (font name 'ArialMT', font style 'normal', font weight 'normal') doesn't exist. Replaced by 'C:\Users\91311001\.metanorma\fonts\NotoSans-Regular.ttf'.
WARNING: Font 'ArialMT' (font name 'ArialMT', font style 'normal', font weight 'bold') doesn't exist. Replaced by 'C:\Users\91311001\.metanorma\fonts\NotoSans-Bold.ttf'.
WARNING: Font 'ArialMT' (font name 'ArialMT', font style 'italic', font weight 'normal') doesn't exist. Replaced by 'C:\Users\91311001\.metanorma\fonts\NotoSans-Italic.ttf'.
WARNING: Font 'ArialMT' (font name 'ArialMT', font style 'italic', font weight 'bold') doesn't exist. Replaced by 'C:\Users\91311001\.metanorma\fonts\NotoSans-BoldItalic.ttf'.
WARNING: Font 'KozGoPr6N-Regular-83pv-RKSJ-H' (font name 'KozGoPr6N-Regular-83pv-RKSJ-H', font style 'normal', font weight 'normal') doesn't exist. Replaced by 'C:\Users\91311001\.metanorma\fonts\NotoSans-Regular.ttf'.
WARNING: Font 'KozGoPr6N-Regular-83pv-RKSJ-H' (font name 'KozGoPr6N-Regular-83pv-RKSJ-H', font style 'normal', font weight 'bold') doesn't exist. Replaced by 'C:\Users\91311001\.metanorma\fonts\NotoSans-Bold.ttf'.
WARNING: Font 'KozGoPr6N-Regular-83pv-RKSJ-H' (font name 'KozGoPr6N-Regular-83pv-RKSJ-H', font style 'italic', font weight 'normal') doesn't exist. Replaced by 'C:\Users\91311001\.metanorma\fonts\NotoSans-Italic.ttf'.
WARNING: Font 'KozGoPr6N-Regular-83pv-RKSJ-H' (font name 'KozGoPr6N-Regular-83pv-RKSJ-H', font style 'italic', font weight 'bold') doesn't exist. Replaced by 'C:\Users\91311001\.metanorma\fonts\NotoSans-BoldItalic.ttf'.

